Loaded run: /data/yangyang/bioLLMs/CellViT_Adapter_UNI/log/2025-01-26T141545_UNIAdapteronPannukeOptCfgSplit1
Loading best model from /data/yangyang/bioLLMs/CellViT_Adapter_UNI/log/2025-01-26T141545_UNIAdapteronPannukeOptCfgSplit1/checkpoints/model_best.pth
<All keys matched successfully>
Performing Inference on test set: [2]
******************** Binary Dataset metrics ********************
Binary-Cell-Dice-Mean:    0.8113780945462834
Binary-Cell-Jacard-Mean:  0.7405811257970237
Tissue-Multiclass-Accuracy: 0.2847171197648788
bPQ:                      0.6681325024210497
bDQ:                      0.7971794777299089
bSQ:                      0.8285811688819752
mPQ:                      0.503989378448133
mDQ:                      0.6016584451008502
mSQ:                      0.7103141375439906
f1_detection:             0.8270321288530452
precision_detection:      0.8372797613498648
recall_detection:         0.8170323089285444
******************** Tissue metrics ********************
Tissue             Dice    Jaccard       mPQ       bPQ
-------------  --------  ---------  --------  --------
adrenal_gland  0.854281   0.762724  0.52872   0.715037
bile-duct      0.796205   0.745152  0.460319  0.670153
bladder        0.780974   0.747498  0.575482  0.717183
breast         0.841737   0.745807  0.528555  0.672914
cervix         0.72824    0.769215  0.535699  0.705737
colon          0.730308   0.696672  0.453346  0.588894
esophagus      0.852806   0.75975   0.56686   0.677832
headneck       0.72711    0.692174  0.497806  0.661479
kidney         0.802176   0.748535  0.54716   0.721952
liver          0.877329   0.785965  0.530106  0.721558
lung           0.838364   0.724695  0.445915  0.648148
ovarian        0.863868   0.765253  0.543719  0.68708
pancreatic     0.855138   0.752947  0.490885  0.668776
prostate       0.8279     0.749811  0.531904  0.691006
skin           0.827448   0.72032   0.417964  0.645535
stomach        0.880566   0.789297  0.462038  0.711919
testis         0.83111    0.751332  0.564726  0.708249
thyroid        0.864694   0.788944  0.443228  0.750711
uterus         0.855059   0.750546  0.461354  0.673609
******************** Nuclei Type Metrics ********************
Nuclei Type          DQ        SQ        PQ
-------------  --------  --------  --------
Neoplastic     0.692847  0.795377  0.590277
Inflammatory   0.501754  0.601207  0.428974
Connective     0.52845   0.683782  0.430553
Dead           0.18789   0.310762  0.145414
Epithelial     0.715677  0.778713  0.593431
******************** Nuclei Detection Metrics ********************
Nuclei Type      Precision    Recall        F1
-------------  -----------  --------  --------
Neoplastic        0.728867  0.703728  0.716077
Inflammatory      0.606364  0.58332   0.594619
Connective        0.553011  0.544083  0.548511
Dead              0.373047  0.304868  0.335529
Epithelial        0.722917  0.753529  0.737905
